#
# An unexpected error has been detected by Java Runtime Environment:
#
#  Internal Error (classFileParser.cpp:2923), pid=18496, tid=26432
#  Error: ShouldNotReachHere()
#
# Java VM: Java HotSpot(TM) Client VM (11.0-b15 mixed mode windows-x86)
# If you would like to submit a bug report, please visit:
#   http://java.sun.com/webapps/bugreport/crash.jsp
#

---------------  T H R E A D  ---------------

Current thread (0x024e9400):  JavaThread "Unknown thread" [_thread_in_vm, id=26432, stack(0x00220000,0x00270000)]

Stack: [0x00220000,0x00270000]
[error occurred during error reporting (printing stack bounds), id 0xc0000005]


---------------  P R O C E S S  ---------------

Java Threads: ( => current thread )

Other Threads:

=>0x024e9400 (exited) JavaThread "Unknown thread" [_thread_in_vm, id=26432, stack(0x00220000,0x00270000)]

VM state:not at safepoint (not fully initialized)

VM Mutex/Monitor currently owned by a thread: None

Dynamic libraries:
0x00400000 - 0x00424000 	D:\Program Files (x86)\Java\jdk1.6.0_10\bin\javaw.exe
0x77930000 - 0x77ab0000 	C:\Windows\SysWOW64\ntdll.dll
0x75810000 - 0x75920000 	C:\Windows\syswow64\kernel32.dll
0x750b0000 - 0x750f7000 	C:\Windows\syswow64\KERNELBASE.dll
0x75770000 - 0x75810000 	C:\Windows\syswow64\ADVAPI32.dll
0x75920000 - 0x759cc000 	C:\Windows\syswow64\msvcrt.dll
0x76e90000 - 0x76ea9000 	C:\Windows\SysWOW64\sechost.dll
0x75500000 - 0x755f0000 	C:\Windows\syswow64\RPCRT4.dll
0x75010000 - 0x75070000 	C:\Windows\syswow64\SspiCli.dll
0x75000000 - 0x7500c000 	C:\Windows\syswow64\CRYPTBASE.dll
0x75fb0000 - 0x760b0000 	C:\Windows\syswow64\USER32.dll
0x75d00000 - 0x75d90000 	C:\Windows\syswow64\GDI32.dll
0x75d90000 - 0x75d9a000 	C:\Windows\syswow64\LPK.dll
0x761a0000 - 0x7623d000 	C:\Windows\syswow64\USP10.dll
0x759f0000 - 0x75a50000 	C:\Windows\system32\IMM32.DLL
0x75e80000 - 0x75f4c000 	C:\Windows\syswow64\MSCTF.dll
0x7c340000 - 0x7c396000 	D:\Program Files (x86)\Java\jdk1.6.0_10\jre\bin\msvcr71.dll
0x6d8b0000 - 0x6db06000 	D:\Program Files (x86)\Java\jdk1.6.0_10\jre\bin\client\jvm.dll
0x746b0000 - 0x746e2000 	C:\Windows\system32\WINMM.dll
0x73300000 - 0x7334c000 	C:\Windows\system32\apphelp.dll
0x6d330000 - 0x6d338000 	D:\Program Files (x86)\Java\jdk1.6.0_10\jre\bin\hpi.dll
0x77900000 - 0x77905000 	C:\Windows\syswow64\PSAPI.DLL
0x6d860000 - 0x6d86c000 	D:\Program Files (x86)\Java\jdk1.6.0_10\jre\bin\verify.dll
0x6d3d0000 - 0x6d3ef000 	D:\Program Files (x86)\Java\jdk1.6.0_10\jre\bin\java.dll
0x6d8a0000 - 0x6d8af000 	D:\Program Files (x86)\Java\jdk1.6.0_10\jre\bin\zip.dll

VM Arguments:
jvm_args: -Dfile.encoding=UTF-8 -Xbootclasspath:D:\Program Files (x86)\adt-bundle-windows-x86_64-20130219\sdk\platforms\android-18\android.jar;D:\Program Files (x86)\adt-bundle-windows-x86_64-20130219\sdk\add-ons\addon-google_apis-google-18\libs\effects.jar;D:\Program Files (x86)\adt-bundle-windows-x86_64-20130219\sdk\add-ons\addon-google_apis-google-18\libs\usb.jar;D:\Program Files (x86)\adt-bundle-windows-x86_64-20130219\sdk\add-ons\addon-google_apis-google-18\libs\maps.jar 
java_command: cc.anr.aviews.ReadingBoard
Launcher Type: SUN_STANDARD

Environment Variables:
JAVA_HOME=D:\Program Files (x86)\Java\jdk1.6.0_10
CLASSPATH=.;JAVA_HOME\lib;JAVA_HOME\lib\tools.jar
PATH=C:\Windows\system32;C:\Windows;C:\Windows\System32\Wbem;C:\Windows\System32\WindowsPowerShell\v1.0\;D:\Program Files\TortoiseSVN\bin;D:\google;D:\Program Files (x86)\Java\jdk1.6.0_10\bin;D:\Program Files (x86)\Java\jdk1.6.0_10\jre\bin;C:\Program Files (x86)\Intel\OpenCL SDK\2.0\bin\x86;C:\Program Files (x86)\Intel\OpenCL SDK\2.0\bin\x64;D:\Program Files (x86)\adt-bundle-windows-x86_64-20130219\sdk\platform-tools\;D:\Program Files (x86)\adt-bundle-windows-x86_64-20130219\sdk\tools
USERNAME=Administrator
OS=Windows_NT
PROCESSOR_IDENTIFIER=Intel64 Family 6 Model 42 Stepping 7, GenuineIntel



---------------  S Y S T E M  ---------------

OS: Windows NT 6.1 Build 7601 Service Pack 1

CPU:total 4 (8 cores per cpu, 2 threads per core) family 6 model 10 stepping 7, cmov, cx8, fxsr, mmx, sse, sse2, sse3, ssse3, ht

Memory: 4k page, physical 4194303k(4194303k free), swap 4194303k(4194303k free)

vm_info: Java HotSpot(TM) Client VM (11.0-b15) for windows-x86 JRE (1.6.0_10-rc2-b32), built on Sep 12 2008 00:52:11 by "java_re" with MS VC++ 7.1

time: Tue Sep 17 16:23:47 2013
elapsed time: 0 seconds

